  Bag.cpp
  Battle.cpp
C:\Users\29343\Desktop\MUDprogram\project\Project\Battle.cpp(154,17): warning C4244: “初始化”: 从“double”转换到“int”，可能丢失数据
C:\Users\29343\Desktop\MUDprogram\project\Project\Battle.cpp(186,21): warning C4244: “初始化”: 从“double”转换到“int”，可能丢失数据
C:\Users\29343\Desktop\MUDprogram\project\Project\Battle.cpp(204,24): warning C4244: “初始化”: 从“double”转换到“int”，可能丢失数据
C:\Users\29343\Desktop\MUDprogram\project\Project\Battle.cpp(209,31): warning C4244: “初始化”: 从“double”转换到“int”，可能丢失数据
C:\Users\29343\Desktop\MUDprogram\project\Project\Battle.cpp(255,17): warning C4244: “初始化”: 从“double”转换到“int”，可能丢失数据
C:\Users\29343\Desktop\MUDprogram\project\Project\Battle.cpp(289,20): warning C4244: “初始化”: 从“double”转换到“int”，可能丢失数据
C:\Users\29343\Desktop\MUDprogram\project\Project\Battle.cpp(308,23): warning C4244: “初始化”: 从“double”转换到“int”，可能丢失数据
C:\Users\29343\Desktop\MUDprogram\project\Project\Battle.cpp(313,30): warning C4244: “初始化”: 从“double”转换到“int”，可能丢失数据
  ColorContainer.cpp
  ColorSys.cpp
  Command.cpp
C:\Users\29343\Desktop\MUDprogram\project\Project\Command.cpp(94,5): error C2360: “capacity”的初始化操作由“case”标签跳过
  C:\Users\29343\Desktop\MUDprogram\project\Project\Command.cpp(36,61):
  参见“capacity”的声明
  
C:\Users\29343\Desktop\MUDprogram\project\Project\Command.cpp(94,5): error C2360: “noweggsize”的初始化操作由“case”标签跳过
  C:\Users\29343\Desktop\MUDprogram\project\Project\Command.cpp(36,13):
  参见“noweggsize”的声明
  
C:\Users\29343\Desktop\MUDprogram\project\Project\Command.cpp(120,5): error C2360: “k”的初始化操作由“case”标签跳过
  C:\Users\29343\Desktop\MUDprogram\project\Project\Command.cpp(95,13):
  参见“k”的声明
  
C:\Users\29343\Desktop\MUDprogram\project\Project\Command.cpp(120,5): error C2360: “capacity”的初始化操作由“case”标签跳过
  C:\Users\29343\Desktop\MUDprogram\project\Project\Command.cpp(36,61):
  参见“capacity”的声明
  
C:\Users\29343\Desktop\MUDprogram\project\Project\Command.cpp(120,5): error C2360: “noweggsize”的初始化操作由“case”标签跳过
  C:\Users\29343\Desktop\MUDprogram\project\Project\Command.cpp(36,13):
  参见“noweggsize”的声明
  
C:\Users\29343\Desktop\MUDprogram\project\Project\Command.cpp(146,5): error C2361: “default”标签跳过“m”的初始化操作
  C:\Users\29343\Desktop\MUDprogram\project\Project\Command.cpp(121,13):
  参见“m”的声明
  
C:\Users\29343\Desktop\MUDprogram\project\Project\Command.cpp(146,5): error C2361: “default”标签跳过“k”的初始化操作
  C:\Users\29343\Desktop\MUDprogram\project\Project\Command.cpp(95,13):
  参见“k”的声明
  
C:\Users\29343\Desktop\MUDprogram\project\Project\Command.cpp(146,5): error C2361: “default”标签跳过“capacity”的初始化操作
  C:\Users\29343\Desktop\MUDprogram\project\Project\Command.cpp(36,61):
  参见“capacity”的声明
  
C:\Users\29343\Desktop\MUDprogram\project\Project\Command.cpp(146,5): error C2361: “default”标签跳过“noweggsize”的初始化操作
  C:\Users\29343\Desktop\MUDprogram\project\Project\Command.cpp(36,13):
  参见“noweggsize”的声明
  
C:\Users\29343\Desktop\MUDprogram\project\Project\Command.cpp(190,36): error C2512: “Player::Player”: 没有合适的默认构造函数可用
  C:\Users\29343\Desktop\MUDprogram\project\Project\Command.cpp(190,36):
  尝试匹配参数列表“()”时
  
C:\Users\29343\Desktop\MUDprogram\project\Project\Command.cpp(191,18): error C2660: “readGameData”: 函数不接受 0 个参数
  C:\Users\29343\Desktop\MUDprogram\project\Project\FileStore.h(82,13):
  参见“readGameData”的声明
  C:\Users\29343\Desktop\MUDprogram\project\Project\Command.cpp(191,18):
  尝试匹配参数列表“()”时
  
C:\Users\29343\Desktop\MUDprogram\project\Project\Command.cpp(191,30): error C2440: “=”: 无法从“void”转换为“Player *”
  C:\Users\29343\Desktop\MUDprogram\project\Project\Command.cpp(191,30):
  void 类型的表达式不能转换为其他类型
  
C:\Users\29343\Desktop\MUDprogram\project\Project\Command.cpp(216,17): error C2660: “saveGameData”: 函数不接受 0 个参数
  C:\Users\29343\Desktop\MUDprogram\project\Project\FileStore.h(35,13):
  参见“saveGameData”的声明
  C:\Users\29343\Desktop\MUDprogram\project\Project\Command.cpp(216,17):
  尝试匹配参数列表“()”时
  
C:\Users\29343\Desktop\MUDprogram\project\Project\Command.cpp(232,17): error C2086: “int choice”: 重定义
  C:\Users\29343\Desktop\MUDprogram\project\Project\Command.cpp(202,17):
  参见“choice”的声明
  
C:\Users\29343\Desktop\MUDprogram\project\Project\Command.cpp(243,17): error C2660: “saveGameData”: 函数不接受 0 个参数
  C:\Users\29343\Desktop\MUDprogram\project\Project\FileStore.h(35,13):
  参见“saveGameData”的声明
  C:\Users\29343\Desktop\MUDprogram\project\Project\Command.cpp(243,17):
  尝试匹配参数列表“()”时
  
C:\Users\29343\Desktop\MUDprogram\project\Project\Command.cpp(215,13): error C2360: “battle”的初始化操作由“case”标签跳过
  C:\Users\29343\Desktop\MUDprogram\project\Project\Command.cpp(212,26):
  参见“battle”的声明
  
C:\Users\29343\Desktop\MUDprogram\project\Project\Command.cpp(218,13): error C2361: “default”标签跳过“battle”的初始化操作
  C:\Users\29343\Desktop\MUDprogram\project\Project\Command.cpp(212,26):
  参见“battle”的声明
  
C:\Users\29343\Desktop\MUDprogram\project\Project\Command.cpp(242,13): error C2360: “battle”的初始化操作由“case”标签跳过
  C:\Users\29343\Desktop\MUDprogram\project\Project\Command.cpp(239,26):
  参见“battle”的声明
  
C:\Users\29343\Desktop\MUDprogram\project\Project\Command.cpp(245,13): error C2361: “default”标签跳过“battle”的初始化操作
  C:\Users\29343\Desktop\MUDprogram\project\Project\Command.cpp(239,26):
  参见“battle”的声明
  
  ConsoleColor.cpp
  Egg.cpp
  main.cpp
  Pet.cpp
  petHouse.cpp
  Player.cpp
  Skill.cpp
  正在生成代码...
